 S 0010c040,1
 S 00119080,1
 S 00119280,4
 L 00119280,4
 L 00118860,4
 L 00118864,4
 L 00114860,4
 L 001190ba,1
 S 001190ba,1
 S 00119284,4
 L 00118864,4
 L 00114864,4
 L 00119092,1
 S 00119092,1
 S 00119288,4
 L 00118864,4
 L 00114868,4
 L 0011909e,1
 S 0011909e,1
 S 0011928c,4
 L 00118864,4
 L 0011486c,4
 L 0011908a,1
 S 0011908a,1
 S 00119290,4
 L 00118864,4
 L 00114870,4
 L 001190bb,1
 S 001190bb,1
 S 00119294,4
 L 00118864,4
 L 00114874,4
 L 001190bc,1
 S 001190bc,1
 S 00119298,4
 L 00118864,4
 L 00114878,4
 L 001190bd,1
 S 001190bd,1
 S 0011929c,4
 L 00118864,4
 L 0011487c,4
 L 001190be,1
 S 001190be,1
 S 001192a0,4
 L 00118864,4
 L 00114880,4
 L 001190bf,1
 S 001190bf,1
 S 001192a4,4
 L 00118864,4
 L 00114884,4
 L 00119093,1
 S 00119093,1
 S 001192a8,4
 L 00118864,4
 L 00114888,4
 L 001190c0,1
 S 001190c0,1
 S 001192ac,4
 L 00118864,4
 L 0011488c,4
 L 001190c1,1
 S 001190c1,1
 S 001192b0,4
 L 00118864,4
 L 00114890,4
 L 001190c2,1
 S 001190c2,1
 S 001192b4,4
 L 00118864,4
 L 00114894,4
 L 001190c3,1
 S 001190c3,1
 S 001192b8,4
 L 00118864,4
 L 00114898,4
 L 001190c4,1
 S 001190c4,1
 S 001192bc,4
 L 00118864,4
 L 0011489c,4
 L 001190c5,1
 S 001190c5,1
 S 001192c0,4
 L 00118864,4
 L 001148a0,4
 L 00119091,1
 S 00119091,1
 S 001192c4,4
 L 00118864,4
 L 001148a4,4
 L 001190e3,1
 S 001190e3,1
 S 001192c8,4
 L 00118864,4
 L 001148a8,4
 L 001190e4,1
 S 001190e4,1
 S 001192cc,4
 L 00118864,4
 L 001148ac,4
 L 00119094,1
 S 00119094,1
 S 001192d0,4
 L 00118864,4
 L 001148b0,4
 L 001190a0,1
 S 001190a0,1
 S 001192d4,4
 L 00118864,4
 L 001148b4,4
 L 00119096,1
 S 00119096,1
 S 001192d8,4
 L 00118864,4
 L 001148b8,4
 L 00119081,1
 S 00119081,1
 S 001192dc,4
 L 00118864,4
 L 001148bc,4
 L 0011908b,1
 S 0011908b,1
 S 001192e0,4
 L 00118864,4
 L 001148c0,4
 L 00119098,1
 S 00119098,1
 S 001192e4,4
 L 00118864,4
 L 001148c4,4
 L 0011908f,1
 S 0011908f,1
 S 001192e8,4
 L 00118864,4
 L 001148c8,4
 L 001190a7,1
 S 001190a7,1
 S 001192ec,4
 L 00118864,4
 L 001148cc,4
 L 00119082,1
 S 00119082,1
 S 001192f0,4
 L 00118864,4
 L 001148d0,4
 L 001190b1,1
 S 001190b1,1
 S 001192f4,4
 L 00118864,4
 L 001148d4,4
 L 001190b3,1
 S 001190b3,1
 S 001192f8,4
 L 00118864,4
 L 001148d8,4
 L 00119081,1
 L 00118864,4
 L 001148dc,4
 L 00119089,1
 S 00119089,1
 S 001192fc,4
 L 00118864,4
 L 001148e0,4
 L 001190ea,1
 S 001190ea,1
 S 00119300,4
 L 00118864,4
 L 001148e4,4
 L 001190b5,1
 S 001190b5,1
 S 00119304,4
 L 00118864,4
 L 001148e8,4
 L 001190a1,1
 S 001190a1,1
 S 00119308,4
 L 00118864,4
 L 001148ec,4
 L 0011908d,1
 S 0011908d,1
 S 0011930c,4
 L 00118864,4
 L 001148f0,4
 L 00119090,1
 S 00119090,1
 S 00119310,4
 L 00118864,4
 L 001148f4,4
 L 001190a6,1
 S 001190a6,1
 S 00119314,4
 L 00118864,4
 L 001148f8,4
 L 00119088,1
 S 00119088,1
 S 00119318,4
 L 00118864,4
 L 001148fc,4
 L 001190d6,1
 S 001190d6,1
 S 0011931c,4
 L 00118864,4
 L 00114900,4
 L 001190a7,1
 L 00118864,4
 L 00114904,4
 L 001190d7,1
 S 001190d7,1
 S 00119320,4
 L 00118864,4
 L 00114908,4
 L 0011908b,1
 L 00118864,4
 L 0011490c,4
 L 001190d8,1
 S 001190d8,1
 S 00119324,4
 L 00118864,4
 L 00114910,4
 L 00119093,1
 L 00118864,4
 L 00114914,4
 L 001190f4,1
 S 001190f4,1
 S 00119328,4
 L 00118864,4
 L 00114918,4
 L 00119080,1
 L 00118864,4
 L 0011491c,4
 L 0011909b,1
 S 0011909b,1
 S 0011932c,4
 L 00118864,4
 L 00114920,4
 L 001190ac,1
 S 001190ac,1
 S 00119330,4
 L 00118864,4
 L 00114924,4
 L 00119097,1
 S 00119097,1
 S 00119334,4
 L 00118864,4
 L 00114928,4
 L 00119080,1
 L 00118864,4
 L 0011492c,4
 L 001190b6,1
 S 001190b6,1
 S 00119338,4
 L 00118864,4
 L 00114930,4
 L 001190e1,1
 S 001190e1,1
 S 0011933c,4
 L 00118864,4
 L 00114934,4
 L 0011908b,1
 L 00118864,4
 L 00114938,4
 L 0011909a,1
 S 0011909a,1
 S 00119340,4
 L 00118864,4
 L 0011493c,4
 L 001190b2,1
 S 001190b2,1
 S 00119344,4
 L 00118864,4
 L 00114940,4
 L 001190a8,1
 S 001190a8,1
 S 00119348,4
 L 00118864,4
 L 00114944,4
 L 00119097,1
 L 00118864,4
 L 00114948,4
 L 00119087,1
 S 00119087,1
 S 0011934c,4
 L 00118864,4
 L 0011494c,4
 L 00119080,1
 L 00118864,4
 L 00114950,4
 L 001190f6,1
 S 001190f6,1
 S 00119350,4
 L 00118864,4
 L 00114954,4
 L 001190cf,1
 S 001190cf,1
 S 00119354,4
 L 00118864,4
 L 00114958,4
 L 001190d0,1
 S 001190d0,1
 S 00119358,4
 L 00118864,4
 L 0011495c,4
 L 0011908c,1
 S 0011908c,1
 S 0011935c,4
 L 00118864,4
 L 00114960,4
 L 001190a2,1
 S 001190a2,1
 S 00119360,4
 L 00118864,4
 L 00114964,4
 L 001190d1,1
 S 001190d1,1
 S 00119364,4
 L 00118864,4
 L 00114968,4
 L 001190ae,1
 S 001190ae,1
 S 00119368,4
 L 00118864,4
 L 0011496c,4
 L 00119083,1
 S 00119083,1
 S 0011936c,4
 L 00118864,4
 L 00114970,4
 L 001190a0,1
 L 00118864,4
 L 00114974,4
 L 001190a3,1
 S 001190a3,1
 S 00119370,4
 L 00118864,4
 L 00114978,4
 L 001190af,1
 S 001190af,1
 S 00119374,4
 L 00118864,4
 L 0011497c,4
 L 00119095,1
 S 00119095,1
 S 00119378,4
 L 00118864,4
 L 00114980,4
 L 00119094,1
 L 00118864,4
 L 00114984,4
 L 00119085,1
 S 00119085,1
 S 0011937c,4
 L 00118864,4
 L 00114988,4
 L 00119086,1
 S 00119086,1
 S 00119380,4
 L 00118864,4
 L 0011498c,4
 L 0011909f,1
 S 0011909f,1
 S 00119384,4
 L 00118864,4
 L 00114990,4
 L 001190c6,1
 S 001190c6,1
 S 00119388,4
 L 00118864,4
 L 00114994,4
 L 00119095,1
 L 00118864,4
 L 00114998,4
 L 001190c7,1
 S 001190c7,1
 S 0011938c,4
 L 00118864,4
 L 0011499c,4
 L 001190db,1
 S 001190db,1
 S 00119390,4
 L 00118864,4
 L 001149a0,4
 L 001190ab,1
 S 001190ab,1
 S 00119394,4
 L 00118864,4
 L 001149a4,4
 L 00119099,1
 S 00119099,1
 S 00119398,4
 L 00118864,4
 L 001149a8,4
 L 001190a5,1
 S 001190a5,1
 S 0011939c,4
 L 00118864,4
 L 001149ac,4
 L 001190ca,1
 S 001190ca,1
 S 001193a0,4
 L 00118864,4
 L 001149b0,4
 L 0011908c,1
 L 00118864,4
 L 001149b4,4
 L 001190cb,1
 S 001190cb,1
 S 001193a4,4
 L 00118864,4
 L 001149b8,4
 L 0011908d,1
 L 00118864,4
 L 001149bc,4
 L 001190af,1
 L 00118864,4
 L 001149c0,4
 L 001190e2,1
 S 001190e2,1
 S 001193a8,4
 L 00118864,4
 L 001149c4,4
 L 001190ef,1
 S 001190ef,1
 S 001193ac,4
 L 00118864,4
 L 001149c8,4
 L 001190a3,1
 L 00118864,4
 L 001149cc,4
 L 0011909f,1
 L 00118864,4
 L 001149d0,4
 L 00119097,1
 L 00118864,4
 L 001149d4,4
 L 001190aa,1
 S 001190aa,1
 S 001193b0,4
 L 00118864,4
 L 001149d8,4
 L 0011908e,1
 S 0011908e,1
 S 001193b4,4
 L 00118864,4
 L 001149dc,4
 L 00119092,1
 L 00118864,4
 L 001149e0,4
 L 001190e5,1
 S 001190e5,1
 S 001193b8,4
 L 00118864,4
 L 001149e4,4
 L 0011909c,1
 S 0011909c,1
 S 001193bc,4
 L 00118864,4
 L 001149e8,4
 L 001190e0,1
 S 001190e0,1
 S 001193c0,4
 L 00118864,4
 L 001149ec,4
 L 001190de,1
 S 001190de,1
 S 001193c4,4
 L 00118864,4
 L 001149f0,4
 L 0011908d,1
 L 00118864,4
 L 001149f4,4
 L 00119080,1
 L 00118864,4
 L 001149f8,4
 L 00119081,1
 L 00118864,4
 L 001149fc,4
 L 00119084,1
 S 00119084,1
 S 001193c8,4
 L 00118864,4
 L 00114a00,4
 L 00119096,1
 L 00118864,4
 L 00114a04,4
 L 00119088,1
 L 00118864,4
 L 00114a08,4
 L 001190ce,1
 S 001190ce,1
 S 001193cc,4
 L 00118864,4
 L 00114a0c,4
 L 00119085,1
 L 00118864,4
 L 00114a10,4
 L 00119088,1
 L 00118864,4
 L 00114a14,4
 L 001190b5,1
 L 00118864,4
 L 00114a18,4
 L 001190b7,1
 S 001190b7,1
 S 001193d0,4
 L 00118864,4
 L 00114a1c,4
 L 00119086,1
 L 00118864,4
 L 00114a20,4
 L 0011909d,1
 S 0011909d,1
 S 001193d4,4
 L 00118864,4
 L 00114a24,4
 L 001190b1,1
 L 00118864,4
 L 00114a28,4
 L 001190ac,1
 L 00118864,4
 L 00114a2c,4
 L 00119084,1
 L 00118864,4
 L 00114a30,4
 L 0011909a,1
 L 00118864,4
 L 00114a34,4
 L 00119081,1
 L 00118864,4
 L 00114a38,4
 L 00119087,1
 L 00118864,4
 L 00114a3c,4
 L 00119080,1
 L 00118864,4
 L 00114a40,4
 L 001190d2,1
 S 001190d2,1
 S 001193d8,4
 L 00118864,4
 L 00114a44,4
 L 001190d3,1
 S 001190d3,1
 S 001193dc,4
 L 00118864,4
 L 00114a48,4
 L 001190ec,1
 S 001190ec,1
 S 001193e0,4
 L 00118864,4
 L 00114a4c,4
 L 0011908e,1
 L 00118864,4
 L 00114a50,4
 L 001190cc,1
 S 001190cc,1
 S 001193e4,4
 L 00118864,4
 L 00114a54,4
 L 0011908f,1
 L 00118864,4
 L 00114a58,4
 L 001190cd,1
 S 001190cd,1
 S 001193e8,4
 L 00118864,4
 L 00114a5c,4
 L 001190a1,1
 L 00118864,4
 L 00114a60,4
 L 00119087,1
 L 00118864,4
 L 00114a64,4
 L 001190ad,1
 S 001190ad,1
 S 001193ec,4
 L 00118864,4
 L 00114a68,4
 L 0011908d,1
 L 00118864,4
 L 00114a6c,4
 L 00119099,1
 L 00118864,4
 L 00114a70,4
 L 00119089,1
 L 00118864,4
 L 00114a74,4
 L 001190d9,1
 S 001190d9,1
 S 001193f0,4
 L 00118864,4
 L 00114a78,4
 L 001190da,1
 S 001190da,1
 S 001193f4,4
 L 00118864,4
 L 00114a7c,4
 L 001190a8,1
 L 00118864,4
 L 00114a80,4
 L 00119080,1
 L 00118864,4
 L 00114a84,4
 L 00119090,1
 L 00118864,4
 L 00114a88,4
 L 00119095,1
 L 00118864,4
 L 00114a8c,4
 L 00119085,1
 L 00118864,4
 L 00114a90,4
 L 00119082,1
 L 00118864,4
 L 00114a94,4
 L 00119081,1
 L 00118864,4
 L 00114a98,4
 L 001190a9,1
 S 001190a9,1
 S 001193f8,4
 L 00118864,4
 L 00114a9c,4
 L 00119099,1
 L 00118864,4
 L 00114aa0,4
 L 0011909e,1
 L 00118864,4
 L 00114aa4,4
 L 00119082,1
 L 00118864,4
 L 00114aa8,4
 L 001190b7,1
 L 00118864,4
 L 00114aac,4
 L 001190e7,1
 S 001190e7,1
 S 001193fc,4
 L 00118864,4
 L 00114ab0,4
 L 001190b8,1
 S 001190b8,1
 S 00119400,4
 L 00118864,4
 L 00114ab4,4
 L 0011908c,1
 L 00118864,4
 L 00114ab8,4
 L 00119088,1
 L 00118864,4
 L 00114abc,4
 L 0011908f,1
 L 00118864,4
 L 00114ac0,4
 L 00119082,1
 L 00118864,4
 L 00114ac4,4
 L 0011908e,1
 L 00118864,4
 L 00114ac8,4
 L 00119086,1
 L 00118864,4
 L 00114acc,4
 L 001190ab,1
 L 00118864,4
 L 00114ad0,4
 L 001190b8,1
 L 00118864,4
 L 00114ad4,4
 L 00119089,1
 L 00118864,4
 L 00114ad8,4
 L 0011908b,1
 L 00118864,4
 L 00114adc,4
 L 0011908a,1
 L 00118864,4
 L 00114ae0,4
 L 00119091,1
 L 00118864,4
 L 00114ae4,4
 L 001190b9,1
 S 001190b9,1
 S 00119404,4
 L 00118864,4
 L 00114ae8,4
 L 00119080,1
 L 00118864,4
 L 00114aec,4
 L 0011909a,1
 L 00118864,4
 L 00114af0,4
 L 001190a9,1
 L 00118864,4
 L 00114af4,4
 L 00119082,1
 L 00118864,4
 L 00114af8,4
 L 001190e9,1
 S 001190e9,1
 S 00119408,4
 L 00118864,4
 L 00114afc,4
 L 001190b0,1
 S 001190b0,1
 S 0011940c,4
 L 00118864,4
 L 00114b00,4
 L 00119098,1
 L 00118864,4
 L 00114b04,4
 L 001190df,1
 S 001190df,1
 S 00119410,4
 L 00118864,4
 L 00114b08,4
 L 001190ad,1
 L 00118864,4
 L 00114b0c,4
 L 00119089,1
 L 00118864,4
 L 00114b10,4
 L 001190eb,1
 S 001190eb,1
 S 00119414,4
 L 00118864,4
 L 00114b14,4
 L 00119083,1
 L 00118864,4
 L 00114b18,4
 L 00119080,1
 L 00118864,4
 L 00114b1c,4
 L 001190f0,1
 S 001190f0,1
 S 00119418,4
 L 00118864,4
 L 00114b20,4
 L 00119090,1
 L 00118864,4
 L 00114b24,4
 L 001190ed,1
 S 001190ed,1
 S 0011941c,4
 L 00118864,4
 L 00114b28,4
 L 0011909d,1
 L 00118864,4
 L 00114b2c,4
 L 001190ee,1
 S 001190ee,1
 S 00119420,4
 L 00118864,4
 L 00114b30,4
 L 00119098,1
 L 00118864,4
 L 00114b34,4
 L 00119091,1
 L 00118864,4
 L 00114b38,4
 L 00119087,1
 L 00118864,4
 L 00114b3c,4
 L 00119090,1
 L 00118864,4
 L 00114b40,4
 L 0011908e,1
 L 00118864,4
 L 00114b44,4
 L 00119085,1
 L 00118864,4
 L 00114b48,4
 L 00119083,1
 L 00118864,4
 L 00114b4c,4
 L 001190e8,1
 S 001190e8,1
 S 00119424,4
 L 00118864,4
 L 00114b50,4
 L 00119085,1
 L 00118864,4
 L 00114b54,4
 L 0011908a,1
 L 00118864,4
 L 00114b58,4
 L 001190a4,1
 S 001190a4,1
 S 00119428,4
 L 00118864,4
 L 00114b5c,4
 L 001190dc,1
 S 001190dc,1
 S 0011942c,4
 L 00118864,4
 L 00114b60,4
 L 0011908a,1
 L 00118864,4
 L 00114b64,4
 L 001190a4,1
 L 00118864,4
 L 00114b68,4
 L 00119081,1
 L 00118864,4
 L 00114b6c,4
 L 001190c8,1
 S 001190c8,1
 S 00119430,4
 L 00118864,4
 L 00114b70,4
 L 001190c9,1
 S 001190c9,1
 S 00119434,4
 L 00118864,4
 L 00114b74,4
 L 001190a5,1
 L 00118864,4
 L 00114b78,4
 L 001190d4,1
 S 001190d4,1
 S 00119438,4
 L 00118864,4
 L 00114b7c,4
 L 001190d5,1
 S 001190d5,1
 S 0011943c,4
 L 00118864,4
 L 00114b80,4
 L 00119081,1
 L 00118864,4
 L 00114b84,4
 L 00119083,1
 L 00118864,4
 L 00114b88,4
 L 001190dd,1
 S 001190dd,1
 S 00119440,4
 L 00118864,4
 L 00114b8c,4
 L 00119086,1
 L 00118864,4
 L 00114b90,4
 L 00119084,1
 L 00118864,4
 L 00114b94,4
 L 001190b0,1
 L 00118864,4
 L 00114b98,4
 L 001190aa,1
 L 00118864,4
 L 00114b9c,4
 L 00119086,1
 L 00118864,4
 L 00114ba0,4
 L 001190b3,1
 L 00118864,4
 L 00114ba4,4
 L 001190b2,1
 L 00118864,4
 L 00114ba8,4
 L 0011909d,1
 L 00118864,4
 L 00114bac,4
 L 00119084,1
 L 00118864,4
 L 00114bb0,4
 L 001190e6,1
 S 001190e6,1
 S 00119444,4
 L 00118864,4
 L 00114bb4,4
 L 001190b4,1
 S 001190b4,1
 S 00119448,4
 L 00118864,4
 L 00114bb8,4
 L 001190ae,1
 L 00118864,4
 L 00114bbc,4
 L 00119089,1
 L 00118864,4
 L 00114bc0,4
 L 00119083,1
 L 00118864,4
 L 00114bc4,4
 L 00119087,1
 L 00118864,4
 L 00114bc8,4
 L 0011909b,1
 L 00118864,4
 L 00114bcc,4
 L 00119080,1
 L 00118864,4
 L 00114bd0,4
 L 001190a6,1
 L 00118864,4
 L 00114bd4,4
 L 00119093,1
 L 00118864,4
 L 00114bd8,4
 L 00119080,1
 L 00118864,4
 L 00114bdc,4
 L 00119082,1
 L 00118864,4
 L 00114be0,4
 L 00119081,1
 L 00118864,4
 L 00114be4,4
 L 001190a2,1
 L 00118864,4
 L 00114be8,4
 L 001190b9,1
 L 00118864,4
 L 00114bec,4
 L 00119088,1
 L 00118864,4
 L 00114bf0,4
 L 0011908f,1
 L 00118864,4
 L 00114bf4,4
 L 00119096,1
 L 00118864,4
 L 00114bf8,4
 L 001190f1,1
 S 001190f1,1
 S 0011944c,4
 L 00118864,4
 L 00114bfc,4
 L 00119080,1
 L 00118864,4
 L 00114c00,4
 L 001190f2,1
 S 001190f2,1
 S 00119450,4
 L 00118864,4
 L 00114c04,4
 L 0011909c,1
 L 00118864,4
 L 00114c08,4
 L 001190f3,1
 S 001190f3,1
 S 00119454,4
 L 00118864,4
 L 00114c0c,4
 L 00119084,1
 L 00118864,4
 L 00114c10,4
 L 00119080,1
 L 00118864,4
 L 00114c14,4
 L 00119082,1
 L 00118864,4
 L 00114c18,4
 L 00119080,1
 L 00118864,4
 L 00114c1c,4
 L 001190b4,1
 L 00118864,4
 L 00114c20,4
 L 00119084,1
 L 00118864,4
 L 00114c24,4
 L 001190f5,1
 S 001190f5,1
 S 00119458,4
 L 00118864,4
 L 00114c28,4
 L 00119083,1
 L 00118864,4
 L 00114c2c,4
 L 001190f7,1
 S 001190f7,1
 S 0011945c,4
 L 00118864,4
 L 00114c30,4
 L 001190b6,1
 L 00118864,4
 L 00114c34,4
 L 0011908c,1
 L 00118864,4
 L 00114c38,4
 L 00119080,1
 L 00118864,4
 L 00114c3c,4
 L 00119080,1
 L 00118864,4
 L 00114c40,4
 L 00119094,1
 L 00118864,4
 L 00114c44,4
 L 00119091,1
 L 00118864,4
 L 00114c48,4
 L 0011909c,1
 L 00118864,4
 L 00114c4c,4
 L 00119083,1
 L 00118864,4
 L 00114c50,4
 L 00119080,1
 L 00118864,4
 L 00114c54,4
 L 00119082,1
 L 00118864,4
 L 00114c58,4
 L 00119092,1
 L 00118864,4
 L 00114c5c,4
 L 0011909b,1
 L 00118864,4
 L 00119284,4
 L 00118948,4
 L 0011894c,4
 L 00119288,4
 L 001188a8,4
 L 001188ac,4
 L 0011928c,4
 L 001188d8,4
 L 001188dc,4
 L 00119290,4
 L 00118888,4
 L 0011888c,4
 L 00119294,4
 L 0011894c,4
 L 00118950,4
 L 00119298,4
 L 00118950,4
 L 00118954,4
 L 0011929c,4
 L 00118954,4
 L 00118958,4
 L 001192a0,4
 L 00118958,4
 L 0011895c,4
 L 001192a4,4
 L 0011895c,4
 L 00118960,4
 L 001192a8,4
 L 001188ac,4
 L 001188b0,4
 L 001192ac,4
 L 00118960,4
 L 00118964,4
 L 001192b0,4
 L 00118964,4
 L 00118968,4
 L 001192b4,4
 L 00118968,4
 L 0011896c,4
 L 001192b8,4
 L 0011896c,4
 L 00118970,4
 L 001192bc,4
 L 00118970,4
 L 00118974,4
 L 001192c0,4
 L 00118974,4
 L 00118978,4
 L 001192c4,4
 L 001188a4,4
 L 001188a8,4
 L 001192c8,4
 L 001189ec,4
 L 001189f0,4
 L 001192cc,4
 L 001189f0,4
 L 001189f4,4
 L 001192d0,4
 L 001188b0,4
 L 001188b4,4
 L 001192d4,4
 L 001188e0,4
 L 001188e4,4
 L 001192d8,4
 L 001188b8,4
 L 001188bc,4
 L 001192dc,4
 L 00118864,4
 L 00118868,4
 L 001192e0,4
 L 0011888c,4
 L 00118890,4
 L 001192e4,4
 L 001188c0,4
 L 001188c4,4
 L 001192e8,4
 L 0011889c,4
 L 001188a0,4
 L 001192ec,4
 L 001188fc,4
 L 00118900,4
 L 001192f0,4
 L 00118868,4
 L 0011886c,4
 L 001192f4,4
 L 00118924,4
 L 00118928,4
 L 001192f8,4
 L 0011892c,4
 L 00118930,4
 L 001192fc,4
 L 00118884,4
 L 00118888,4
 L 00119300,4
 L 00118a08,4
 L 00118a0c,4
 L 00119304,4
 L 00118934,4
 L 00118938,4
 L 00119308,4
 L 001188e4,4
 L 001188e8,4
 L 0011930c,4
 L 00118894,4
 L 00118898,4
 L 00119310,4
 L 001188a0,4
 L 001188a4,4
 L 00119314,4
 L 001188f8,4
 L 001188fc,4
 L 00119318,4
 L 00118880,4
 L 00118884,4
 L 0011931c,4
 L 001189b8,4
 L 001189bc,4
 L 00119320,4
 L 001189bc,4
 L 001189c0,4
 L 00119324,4
 L 001189c0,4
 L 001189c4,4
 L 00119328,4
 L 00118a30,4
 L 00118a34,4
 L 0011932c,4
 L 001188cc,4
 L 001188d0,4
 L 00119330,4
 L 00118910,4
 L 00118914,4
 L 00119334,4
 L 001188bc,4
 L 001188c0,4
 L 00119338,4
 L 00118938,4
 L 0011893c,4
 L 0011933c,4
 L 001189e4,4
 L 001189e8,4
 L 00119340,4
 L 001188c8,4
 L 001188cc,4
 L 00119344,4
 L 00118928,4
 L 0011892c,4
 L 00119348,4
 L 00118900,4
 L 00118904,4
 L 0011934c,4
 L 0011887c,4
 L 00118880,4
 L 00119350,4
 L 00118a38,4
 L 00118a3c,4
 L 00119354,4
 L 0011899c,4
 L 001189a0,4
 L 00119358,4
 L 001189a0,4
 L 001189a4,4
 L 0011935c,4
 L 00118890,4
 L 00118894,4
 L 00119360,4
 L 001188e8,4
 L 001188ec,4
 L 00119364,4
 L 001189a4,4
 L 001189a8,4
 L 00119368,4
 L 00118918,4
 L 0011891c,4
 L 0011936c,4
 L 0011886c,4
 L 00118870,4
 L 00119370,4
 L 001188ec,4
 L 001188f0,4
 L 00119374,4
 L 0011891c,4
 L 00118920,4
 L 00119378,4
 L 001188b4,4
 L 001188b8,4
 L 0011937c,4
 L 00118874,4
 L 00118878,4
 L 00119380,4
 L 00118878,4
 L 0011887c,4
 L 00119384,4
 L 001188dc,4
 L 001188e0,4
 L 00119388,4
 L 00118978,4
 L 0011897c,4
 L 0011938c,4
 L 0011897c,4
 L 00118980,4
 L 00119390,4
 L 001189cc,4
 L 001189d0,4
 L 00119394,4
 L 0011890c,4
 L 00118910,4
 L 00119398,4
 L 001188c4,4
 L 001188c8,4
 L 0011939c,4
 L 001188f4,4
 L 001188f8,4
 L 001193a0,4
 L 00118988,4
 L 0011898c,4
 L 001193a4,4
 L 0011898c,4
 L 00118990,4
 L 001193a8,4
 L 001189e8,4
 L 001189ec,4
 L 001193ac,4
 L 00118a1c,4
 L 00118a20,4
 L 001193b0,4
 L 00118908,4
 L 0011890c,4
 L 001193b4,4
 L 00118898,4
 L 0011889c,4
 L 001193b8,4
 L 001189f4,4
 L 001189f8,4
 L 001193bc,4
 L 001188d0,4
 L 001188d4,4
 L 001193c0,4
 L 001189e0,4
 L 001189e4,4
 L 001193c4,4
 L 001189d8,4
 L 001189dc,4
 L 001193c8,4
 L 00118870,4
 L 00118874,4
 L 001193cc,4
 L 00118998,4
 L 0011899c,4
 L 001193d0,4
 L 0011893c,4
 L 00118940,4
 L 001193d4,4
 L 001188d4,4
 L 001188d8,4
 L 001193d8,4
 L 001189a8,4
 L 001189ac,4
 L 001193dc,4
 L 001189ac,4
 L 001189b0,4
 L 001193e0,4
 L 00118a10,4
 L 00118a14,4
 L 001193e4,4
 L 00118990,4
 L 00118994,4
 L 001193e8,4
 L 00118994,4
 L 00118998,4
 L 001193ec,4
 L 00118914,4
 L 00118918,4
 L 001193f0,4
 L 001189c4,4
 L 001189c8,4
 L 001193f4,4
 L 001189c8,4
 L 001189cc,4
 L 001193f8,4
 L 00118904,4
 L 00118908,4
 L 001193fc,4
 L 001189fc,4
 L 00118a00,4
 L 00119400,4
 L 00118940,4
 L 00118944,4
 L 00119404,4
 L 00118944,4
 L 00118948,4
 L 00119408,4
 L 00118a04,4
 L 00118a08,4
 L 0011940c,4
 L 00118920,4
 L 00118924,4
 L 00119410,4
 L 001189dc,4
 L 001189e0,4
 L 00119414,4
 L 00118a0c,4
 L 00118a10,4
 L 00119418,4
 L 00118a20,4
 L 00118a24,4
 L 0011941c,4
 L 00118a14,4
 L 00118a18,4
 L 00119420,4
 L 00118a18,4
 L 00118a1c,4
 L 00119424,4
 L 00118a00,4
 L 00118a04,4
 L 00119428,4
 L 001188f0,4
 L 001188f4,4
 L 0011942c,4
 L 001189d0,4
 L 001189d4,4
 L 00119430,4
 L 00118980,4
 L 00118984,4
 L 00119434,4
 L 00118984,4
 L 00118988,4
 L 00119438,4
 L 001189b0,4
 L 001189b4,4
 L 0011943c,4
 L 001189b4,4
 L 001189b8,4
 L 00119440,4
 L 001189d4,4
 L 001189d8,4
 L 00119444,4
 L 001189f8,4
 L 001189fc,4
 L 00119448,4
 L 00118930,4
 L 00118934,4
 L 0011944c,4
 L 00118a24,4
 L 00118a28,4
 L 00119450,4
 L 00118a28,4
 L 00118a2c,4
 L 00119454,4
 L 00118a2c,4
 L 00118a30,4
 L 00119458,4
 L 00118a34,4
 L 00118a38,4
 L 0011945c,4
 L 00118a3c,4
 L 00118a40,4
 S 0010c041,1
